<?xml version="1.0" encoding="UTF-8"?>
<!-- Generated by org.testng.reporters.JUnitXMLReporter -->
<testsuite ignored="0" hostname="DESKTOP-BR3APVB" failures="1" tests="2" name="Test" time="88.363" errors="0" timestamp="2023-11-29T08:36:37 IST">
  <testcase classname="testcases.LoginPageTestCases" name="verifyLogo" time="1.31">
    <failure type="java.lang.AssertionError" message="Company logo not present.. expected [true] but found [false]">
      <![CDATA[java.lang.AssertionError: Company logo not present.. expected [true] but found [false]
at testcases.LoginPageTestCases.verifyLogo(LoginPageTestCases.java:14)
at java.base/java.util.ArrayList.forEach(ArrayList.java:1511)
... Removed 30 stack frames]]>
    </failure>
  </testcase> <!-- verifyLogo -->
  <testcase classname="testcases.AdminTestCases" name="addUser" time="1.496"/>
</testsuite> <!-- Test -->
