<?xml version="1.0" encoding="UTF-8"?>
<!-- Generated by org.testng.reporters.JUnitXMLReporter -->
<testsuite ignored="0" hostname="DESKTOP-BR3APVB" failures="1" tests="1" name="Test(failed)" time="27.894" errors="0" timestamp="2023-11-28T09:10:50 IST">
  <testcase classname="testcases.LoginPageTestCases" name="verifyLogo" time="1.085">
    <failure type="java.lang.AssertionError" message="Company logo not present.. expected [true] but found [false]">
      <![CDATA[java.lang.AssertionError: Company logo not present.. expected [true] but found [false]
at testcases.LoginPageTestCases.verifyLogo(LoginPageTestCases.java:14)
at java.base/java.util.ArrayList.forEach(ArrayList.java:1511)
... Removed 30 stack frames]]>
    </failure>
  </testcase> <!-- verifyLogo -->
</testsuite> <!-- Test(failed) -->
